1752855579.843910 client started (156262): version 3.5a, socket /tmp/tmux-1000/default, protocol 8
1752855579.843953 on Linux 6.15.6-arch1-1 #1 SMP PREEMPT_DYNAMIC Thu, 10 Jul 2025 17:10:18 +0000
1752855579.843960 using libevent 2.1.12-stable poll
1752855579.843965 using ncurses 6.5 20240427
1752855579.843998 flags are 0x10010000
1752855579.844021 socket is /tmp/tmux-1000/default
1752855579.844039 trying connect
1752855579.844158 add peer 0x557c01365d30: 6 ((nil))
1752855579.844706 sending message 111 to peer 0x557c01365d30 (8 bytes)
1752855579.844714 sending message 111 to peer 0x557c01365d30 (8 bytes)
1752855579.844720 sending message 101 to peer 0x557c01365d30 (15 bytes)
1752855579.844724 sending message 109 to peer 0x557c01365d30 (4 bytes)
1752855579.844729 sending message 102 to peer 0x557c01365d30 (11 bytes)
1752855579.844734 sending message 108 to peer 0x557c01365d30 (36 bytes)
1752855579.844739 sending message 112 to peer 0x557c01365d30 (58 bytes)
1752855579.844744 sending message 112 to peer 0x557c01365d30 (5 bytes)
1752855579.844749 sending message 112 to peer 0x557c01365d30 (5 bytes)
1752855579.844754 sending message 112 to peer 0x557c01365d30 (6 bytes)
1752855579.844758 sending message 112 to peer 0x557c01365d30 (6 bytes)
1752855579.844763 sending message 112 to peer 0x557c01365d30 (11 bytes)
1752855579.844767 sending message 112 to peer 0x557c01365d30 (10 bytes)
1752855579.844772 sending message 112 to peer 0x557c01365d30 (13 bytes)
1752855579.844777 sending message 112 to peer 0x557c01365d30 (14 bytes)
1752855579.844781 sending message 112 to peer 0x557c01365d30 (19 bytes)
1752855579.844786 sending message 112 to peer 0x557c01365d30 (11 bytes)
1752855579.844791 sending message 112 to peer 0x557c01365d30 (10 bytes)
1752855579.844796 sending message 112 to peer 0x557c01365d30 (15 bytes)
1752855579.844801 sending message 112 to peer 0x557c01365d30 (21 bytes)
1752855579.844805 sending message 112 to peer 0x557c01365d30 (13 bytes)
1752855579.844810 sending message 112 to peer 0x557c01365d30 (7 bytes)
1752855579.844815 sending message 112 to peer 0x557c01365d30 (13 bytes)
1752855579.844819 sending message 112 to peer 0x557c01365d30 (7 bytes)
1752855579.844824 sending message 112 to peer 0x557c01365d30 (13 bytes)
1752855579.844828 sending message 112 to peer 0x557c01365d30 (9 bytes)
1752855579.844833 sending message 112 to peer 0x557c01365d30 (21 bytes)
1752855579.844852 sending message 112 to peer 0x557c01365d30 (13 bytes)
1752855579.844862 sending message 112 to peer 0x557c01365d30 (9 bytes)
1752855579.844867 sending message 112 to peer 0x557c01365d30 (16 bytes)
1752855579.844871 sending message 112 to peer 0x557c01365d30 (13 bytes)
1752855579.844876 sending message 112 to peer 0x557c01365d30 (9 bytes)
1752855579.844881 sending message 112 to peer 0x557c01365d30 (9 bytes)
1752855579.844885 sending message 112 to peer 0x557c01365d30 (12 bytes)
1752855579.844890 sending message 112 to peer 0x557c01365d30 (8 bytes)
1752855579.844894 sending message 112 to peer 0x557c01365d30 (8 bytes)
1752855579.844899 sending message 112 to peer 0x557c01365d30 (13 bytes)
1752855579.844904 sending message 112 to peer 0x557c01365d30 (7 bytes)
1752855579.844908 sending message 112 to peer 0x557c01365d30 (7 bytes)
1752855579.844913 sending message 112 to peer 0x557c01365d30 (9 bytes)
1752855579.844918 sending message 112 to peer 0x557c01365d30 (9 bytes)
1752855579.844922 sending message 112 to peer 0x557c01365d30 (15 bytes)
1752855579.844927 sending message 112 to peer 0x557c01365d30 (13 bytes)
1752855579.844932 sending message 112 to peer 0x557c01365d30 (12 bytes)
1752855579.844936 sending message 112 to peer 0x557c01365d30 (8 bytes)
1752855579.844941 sending message 112 to peer 0x557c01365d30 (14 bytes)
1752855579.844945 sending message 112 to peer 0x557c01365d30 (11 bytes)
1752855579.844950 sending message 112 to peer 0x557c01365d30 (9 bytes)
1752855579.844955 sending message 112 to peer 0x557c01365d30 (10 bytes)
1752855579.844959 sending message 112 to peer 0x557c01365d30 (10 bytes)
1752855579.844964 sending message 112 to peer 0x557c01365d30 (10 bytes)
1752855579.844982 sending message 112 to peer 0x557c01365d30 (10 bytes)
1752855579.844987 sending message 112 to peer 0x557c01365d30 (11 bytes)
1752855579.844992 sending message 112 to peer 0x557c01365d30 (12 bytes)
1752855579.844997 sending message 112 to peer 0x557c01365d30 (12 bytes)
1752855579.845001 sending message 112 to peer 0x557c01365d30 (12 bytes)
1752855579.845006 sending message 112 to peer 0x557c01365d30 (12 bytes)
1752855579.845011 sending message 112 to peer 0x557c01365d30 (12 bytes)
1752855579.845015 sending message 112 to peer 0x557c01365d30 (11 bytes)
1752855579.845020 sending message 112 to peer 0x557c01365d30 (11 bytes)
1752855579.845024 sending message 112 to peer 0x557c01365d30 (12 bytes)
1752855579.845029 sending message 112 to peer 0x557c01365d30 (12 bytes)
1752855579.845034 sending message 112 to peer 0x557c01365d30 (12 bytes)
1752855579.845038 sending message 112 to peer 0x557c01365d30 (12 bytes)
1752855579.845043 sending message 112 to peer 0x557c01365d30 (12 bytes)
1752855579.845048 sending message 112 to peer 0x557c01365d30 (9 bytes)
1752855579.845052 sending message 112 to peer 0x557c01365d30 (12 bytes)
1752855579.845057 sending message 112 to peer 0x557c01365d30 (13 bytes)
1752855579.845062 sending message 112 to peer 0x557c01365d30 (13 bytes)
1752855579.845066 sending message 112 to peer 0x557c01365d30 (13 bytes)
1752855579.845071 sending message 112 to peer 0x557c01365d30 (13 bytes)
1752855579.845075 sending message 112 to peer 0x557c01365d30 (13 bytes)
1752855579.845080 sending message 112 to peer 0x557c01365d30 (8 bytes)
1752855579.845085 sending message 112 to peer 0x557c01365d30 (11 bytes)
1752855579.845089 sending message 112 to peer 0x557c01365d30 (11 bytes)
1752855579.845094 sending message 112 to peer 0x557c01365d30 (11 bytes)
1752855579.845099 sending message 112 to peer 0x557c01365d30 (12 bytes)
1752855579.845104 sending message 112 to peer 0x557c01365d30 (12 bytes)
1752855579.845108 sending message 112 to peer 0x557c01365d30 (12 bytes)
1752855579.845113 sending message 112 to peer 0x557c01365d30 (12 bytes)
1752855579.845117 sending message 112 to peer 0x557c01365d30 (13 bytes)
1752855579.845122 sending message 112 to peer 0x557c01365d30 (13 bytes)
1752855579.845127 sending message 112 to peer 0x557c01365d30 (13 bytes)
1752855579.845131 sending message 112 to peer 0x557c01365d30 (8 bytes)
1752855579.845136 sending message 112 to peer 0x557c01365d30 (13 bytes)
1752855579.845141 sending message 112 to peer 0x557c01365d30 (13 bytes)
1752855579.845145 sending message 112 to peer 0x557c01365d30 (13 bytes)
1752855579.845150 sending message 112 to peer 0x557c01365d30 (13 bytes)
1752855579.845155 sending message 112 to peer 0x557c01365d30 (13 bytes)
1752855579.845159 sending message 112 to peer 0x557c01365d30 (12 bytes)
1752855579.845164 sending message 112 to peer 0x557c01365d30 (12 bytes)
1752855579.845169 sending message 112 to peer 0x557c01365d30 (12 bytes)
1752855579.845173 sending message 112 to peer 0x557c01365d30 (12 bytes)
1752855579.845178 sending message 112 to peer 0x557c01365d30 (13 bytes)
1752855579.845182 sending message 112 to peer 0x557c01365d30 (8 bytes)
1752855579.845187 sending message 112 to peer 0x557c01365d30 (13 bytes)
1752855579.845192 sending message 112 to peer 0x557c01365d30 (13 bytes)
1752855579.845196 sending message 112 to peer 0x557c01365d30 (13 bytes)
1752855579.845201 sending message 112 to peer 0x557c01365d30 (13 bytes)
1752855579.845206 sending message 112 to peer 0x557c01365d30 (13 bytes)
1752855579.845210 sending message 112 to peer 0x557c01365d30 (13 bytes)
1752855579.845215 sending message 112 to peer 0x557c01365d30 (13 bytes)
1752855579.845219 sending message 112 to peer 0x557c01365d30 (12 bytes)
1752855579.845224 sending message 112 to peer 0x557c01365d30 (12 bytes)
1752855579.845229 sending message 112 to peer 0x557c01365d30 (12 bytes)
1752855579.845233 sending message 112 to peer 0x557c01365d30 (8 bytes)
1752855579.845238 sending message 112 to peer 0x557c01365d30 (12 bytes)
1752855579.845242 sending message 112 to peer 0x557c01365d30 (13 bytes)
1752855579.845253 sending message 112 to peer 0x557c01365d30 (13 bytes)
1752855579.845258 sending message 112 to peer 0x557c01365d30 (13 bytes)
1752855579.845263 sending message 112 to peer 0x557c01365d30 (13 bytes)
1752855579.845268 sending message 112 to peer 0x557c01365d30 (13 bytes)
1752855579.845272 sending message 112 to peer 0x557c01365d30 (13 bytes)
1752855579.845277 sending message 112 to peer 0x557c01365d30 (13 bytes)
1752855579.845282 sending message 112 to peer 0x557c01365d30 (13 bytes)
1752855579.845286 sending message 112 to peer 0x557c01365d30 (12 bytes)
1752855579.845291 sending message 112 to peer 0x557c01365d30 (10 bytes)
1752855579.845296 sending message 112 to peer 0x557c01365d30 (12 bytes)
1752855579.845300 sending message 112 to peer 0x557c01365d30 (12 bytes)
1752855579.845305 sending message 112 to peer 0x557c01365d30 (12 bytes)
1752855579.845310 sending message 112 to peer 0x557c01365d30 (13 bytes)
1752855579.845314 sending message 112 to peer 0x557c01365d30 (13 bytes)
1752855579.845319 sending message 112 to peer 0x557c01365d30 (13 bytes)
1752855579.845323 sending message 112 to peer 0x557c01365d30 (13 bytes)
1752855579.845328 sending message 112 to peer 0x557c01365d30 (13 bytes)
1752855579.845333 sending message 112 to peer 0x557c01365d30 (13 bytes)
1752855579.845337 sending message 112 to peer 0x557c01365d30 (13 bytes)
1752855579.845342 sending message 112 to peer 0x557c01365d30 (10 bytes)
1752855579.845347 sending message 112 to peer 0x557c01365d30 (13 bytes)
1752855579.845351 sending message 112 to peer 0x557c01365d30 (12 bytes)
1752855579.845356 sending message 112 to peer 0x557c01365d30 (12 bytes)
1752855579.845360 sending message 112 to peer 0x557c01365d30 (12 bytes)
1752855579.845365 sending message 112 to peer 0x557c01365d30 (10 bytes)
1752855579.845370 sending message 112 to peer 0x557c01365d30 (10 bytes)
1752855579.845374 sending message 112 to peer 0x557c01365d30 (10 bytes)
1752855579.845379 sending message 112 to peer 0x557c01365d30 (12 bytes)
1752855579.845383 sending message 112 to peer 0x557c01365d30 (13 bytes)
1752855579.845388 sending message 112 to peer 0x557c01365d30 (13 bytes)
1752855579.845393 sending message 112 to peer 0x557c01365d30 (13 bytes)
1752855579.845397 sending message 112 to peer 0x557c01365d30 (13 bytes)
1752855579.845402 sending message 112 to peer 0x557c01365d30 (13 bytes)
1752855579.845406 sending message 112 to peer 0x557c01365d30 (10 bytes)
1752855579.845411 sending message 112 to peer 0x557c01365d30 (11 bytes)
1752855579.845416 sending message 112 to peer 0x557c01365d30 (12 bytes)
1752855579.845420 sending message 112 to peer 0x557c01365d30 (12 bytes)
1752855579.845425 sending message 112 to peer 0x557c01365d30 (12 bytes)
1752855579.845429 sending message 112 to peer 0x557c01365d30 (12 bytes)
1752855579.845434 sending message 112 to peer 0x557c01365d30 (12 bytes)
1752855579.845439 sending message 112 to peer 0x557c01365d30 (11 bytes)
1752855579.845443 sending message 112 to peer 0x557c01365d30 (12 bytes)
1752855579.845448 sending message 112 to peer 0x557c01365d30 (12 bytes)
1752855579.845452 sending message 112 to peer 0x557c01365d30 (13 bytes)
1752855579.845457 sending message 112 to peer 0x557c01365d30 (13 bytes)
1752855579.845462 sending message 112 to peer 0x557c01365d30 (13 bytes)
1752855579.845466 sending message 112 to peer 0x557c01365d30 (13 bytes)
1752855579.845471 sending message 112 to peer 0x557c01365d30 (13 bytes)
1752855579.845476 sending message 112 to peer 0x557c01365d30 (10 bytes)
1752855579.845480 sending message 112 to peer 0x557c01365d30 (9 bytes)
1752855579.845485 sending message 112 to peer 0x557c01365d30 (12 bytes)
1752855579.845489 sending message 112 to peer 0x557c01365d30 (13 bytes)
1752855579.845494 sending message 112 to peer 0x557c01365d30 (13 bytes)
1752855579.845499 sending message 112 to peer 0x557c01365d30 (13 bytes)
1752855579.845503 sending message 112 to peer 0x557c01365d30 (13 bytes)
1752855579.845508 sending message 112 to peer 0x557c01365d30 (13 bytes)
1752855579.845512 sending message 112 to peer 0x557c01365d30 (9 bytes)
1752855579.845523 sending message 112 to peer 0x557c01365d30 (12 bytes)
1752855579.845528 sending message 112 to peer 0x557c01365d30 (13 bytes)
1752855579.845533 sending message 112 to peer 0x557c01365d30 (13 bytes)
1752855579.845538 sending message 112 to peer 0x557c01365d30 (13 bytes)
1752855579.845542 sending message 112 to peer 0x557c01365d30 (13 bytes)
1752855579.845547 sending message 112 to peer 0x557c01365d30 (13 bytes)
1752855579.845552 sending message 112 to peer 0x557c01365d30 (11 bytes)
1752855579.845556 sending message 112 to peer 0x557c01365d30 (12 bytes)
1752855579.845561 sending message 112 to peer 0x557c01365d30 (13 bytes)
1752855579.845565 sending message 112 to peer 0x557c01365d30 (13 bytes)
1752855579.845570 sending message 112 to peer 0x557c01365d30 (13 bytes)
1752855579.845574 sending message 112 to peer 0x557c01365d30 (13 bytes)
1752855579.845579 sending message 112 to peer 0x557c01365d30 (13 bytes)
1752855579.845584 sending message 112 to peer 0x557c01365d30 (11 bytes)
1752855579.845588 sending message 112 to peer 0x557c01365d30 (12 bytes)
1752855579.845593 sending message 112 to peer 0x557c01365d30 (12 bytes)
1752855579.845598 sending message 112 to peer 0x557c01365d30 (12 bytes)
1752855579.845602 sending message 112 to peer 0x557c01365d30 (12 bytes)
1752855579.845607 sending message 112 to peer 0x557c01365d30 (12 bytes)
1752855579.845612 sending message 112 to peer 0x557c01365d30 (21 bytes)
1752855579.845617 sending message 112 to peer 0x557c01365d30 (12 bytes)
1752855579.845621 sending message 112 to peer 0x557c01365d30 (9 bytes)
1752855579.845626 sending message 112 to peer 0x557c01365d30 (6 bytes)
1752855579.845631 sending message 112 to peer 0x557c01365d30 (13 bytes)
1752855579.845635 sending message 112 to peer 0x557c01365d30 (10 bytes)
1752855579.845640 sending message 112 to peer 0x557c01365d30 (24 bytes)
1752855579.845645 sending message 112 to peer 0x557c01365d30 (13 bytes)
1752855579.845650 sending message 112 to peer 0x557c01365d30 (9 bytes)
1752855579.845655 sending message 112 to peer 0x557c01365d30 (70 bytes)
1752855579.845660 sending message 112 to peer 0x557c01365d30 (69 bytes)
1752855579.845664 sending message 112 to peer 0x557c01365d30 (12 bytes)
1752855579.845669 sending message 112 to peer 0x557c01365d30 (10 bytes)
1752855579.845674 sending message 112 to peer 0x557c01365d30 (10 bytes)
1752855579.845678 sending message 112 to peer 0x557c01365d30 (24 bytes)
1752855579.845683 sending message 112 to peer 0x557c01365d30 (13 bytes)
1752855579.845688 sending message 112 to peer 0x557c01365d30 (10 bytes)
1752855579.845692 sending message 112 to peer 0x557c01365d30 (10 bytes)
1752855579.845697 sending message 112 to peer 0x557c01365d30 (10 bytes)
1752855579.845702 sending message 112 to peer 0x557c01365d30 (13 bytes)
1752855579.845706 sending message 112 to peer 0x557c01365d30 (15 bytes)
1752855579.845711 sending message 112 to peer 0x557c01365d30 (5 bytes)
1752855579.845718 sending message 104 to peer 0x557c01365d30 (0 bytes)
1752855579.845724 sending message 110 to peer 0x557c01365d30 (0 bytes)
1752855579.845731 sending message 107 to peer 0x557c01365d30 (4 bytes)
1752855579.845736 sending message 105 to peer 0x557c01365d30 (20 bytes)
1752855579.845740 sending message 105 to peer 0x557c01365d30 (54 bytes)
1752855579.845745 sending message 105 to peer 0x557c01365d30 (50 bytes)
1752855579.845750 sending message 105 to peer 0x557c01365d30 (25 bytes)
1752855579.845755 sending message 105 to peer 0x557c01365d30 (11 bytes)
1752855579.845760 sending message 105 to peer 0x557c01365d30 (27 bytes)
1752855579.845764 sending message 105 to peer 0x557c01365d30 (23 bytes)
1752855579.845769 sending message 105 to peer 0x557c01365d30 (17 bytes)
1752855579.845774 sending message 105 to peer 0x557c01365d30 (27 bytes)
1752855579.845778 sending message 105 to peer 0x557c01365d30 (22 bytes)
1752855579.845783 sending message 105 to peer 0x557c01365d30 (18 bytes)
1752855579.845788 sending message 105 to peer 0x557c01365d30 (16 bytes)
1752855579.845793 sending message 105 to peer 0x557c01365d30 (252 bytes)
1752855579.845804 sending message 105 to peer 0x557c01365d30 (24 bytes)
1752855579.845809 sending message 105 to peer 0x557c01365d30 (64 bytes)
1752855579.845814 sending message 105 to peer 0x557c01365d30 (19 bytes)
1752855579.845819 sending message 105 to peer 0x557c01365d30 (19 bytes)
1752855579.845823 sending message 105 to peer 0x557c01365d30 (22 bytes)
1752855579.845828 sending message 105 to peer 0x557c01365d30 (91 bytes)
1752855579.845833 sending message 105 to peer 0x557c01365d30 (17 bytes)
1752855579.845850 sending message 105 to peer 0x557c01365d30 (16 bytes)
1752855579.845858 sending message 105 to peer 0x557c01365d30 (29 bytes)
1752855579.845863 sending message 105 to peer 0x557c01365d30 (15 bytes)
1752855579.845868 sending message 105 to peer 0x557c01365d30 (21 bytes)
1752855579.845873 sending message 105 to peer 0x557c01365d30 (43 bytes)
1752855579.845878 sending message 105 to peer 0x557c01365d30 (404 bytes)
1752855579.845883 sending message 105 to peer 0x557c01365d30 (16 bytes)
1752855579.845888 sending message 105 to peer 0x557c01365d30 (40 bytes)
1752855579.845893 sending message 105 to peer 0x557c01365d30 (19 bytes)
1752855579.845898 sending message 105 to peer 0x557c01365d30 (8 bytes)
1752855579.845903 sending message 105 to peer 0x557c01365d30 (38 bytes)
1752855579.845908 sending message 105 to peer 0x557c01365d30 (19 bytes)
1752855579.845913 sending message 105 to peer 0x557c01365d30 (20 bytes)
1752855579.845917 sending message 105 to peer 0x557c01365d30 (18 bytes)
1752855579.845922 sending message 105 to peer 0x557c01365d30 (26 bytes)
1752855579.845927 sending message 105 to peer 0x557c01365d30 (37 bytes)
1752855579.845932 sending message 105 to peer 0x557c01365d30 (13 bytes)
1752855579.845937 sending message 105 to peer 0x557c01365d30 (55 bytes)
1752855579.845942 sending message 105 to peer 0x557c01365d30 (13 bytes)
1752855579.845947 sending message 105 to peer 0x557c01365d30 (26 bytes)
1752855579.845952 sending message 105 to peer 0x557c01365d30 (16 bytes)
1752855579.845957 sending message 105 to peer 0x557c01365d30 (20 bytes)
1752855579.845961 sending message 105 to peer 0x557c01365d30 (29 bytes)
1752855579.845966 sending message 105 to peer 0x557c01365d30 (122 bytes)
1752855579.845971 sending message 105 to peer 0x557c01365d30 (22 bytes)
1752855579.845976 sending message 105 to peer 0x557c01365d30 (31 bytes)
1752855579.845981 sending message 105 to peer 0x557c01365d30 (15 bytes)
1752855579.845985 sending message 105 to peer 0x557c01365d30 (52 bytes)
1752855579.845990 sending message 105 to peer 0x557c01365d30 (23 bytes)
1752855579.845995 sending message 105 to peer 0x557c01365d30 (29 bytes)
1752855579.846000 sending message 105 to peer 0x557c01365d30 (17 bytes)
1752855579.846005 sending message 105 to peer 0x557c01365d30 (58 bytes)
1752855579.846010 sending message 105 to peer 0x557c01365d30 (25 bytes)
1752855579.846014 sending message 105 to peer 0x557c01365d30 (11 bytes)
1752855579.846019 sending message 105 to peer 0x557c01365d30 (46 bytes)
1752855579.846024 sending message 105 to peer 0x557c01365d30 (41 bytes)
1752855579.846029 sending message 105 to peer 0x557c01365d30 (16 bytes)
1752855579.846033 sending message 105 to peer 0x557c01365d30 (30 bytes)
1752855579.846038 sending message 106 to peer 0x557c01365d30 (0 bytes)
1752855579.846110 sending message 200 to peer 0x557c01365d30 (4 bytes)
1752855579.846115 client loop enter
1752855579.846692 peer 0x557c01365d30 message 303
1752855579.846703 open write file 2 -
1752855579.846717 sending message 305 to peer 0x557c01365d30 (8 bytes)
1752855579.846731 write check file 2
1752855579.846878 peer 0x557c01365d30 message 304
1752855579.846892 write 58 to file 2
1752855579.846898 peer 0x557c01365d30 message 203
1752855579.846903 file 2 58 bytes left
1752855579.846923 write check file 2
1752855579.846928 client loop exit
